Vivado Simulator v2020.3.0
Copyright 1986-1999, 2001-2021 Xilinx, Inc. All Rights Reserved.
Running: D:/Vivado/2020.3/bin/unwrapped/win64.o/xelab.exe -wto 624437dbf6f84c07aa5bb0f7cf4ec3a9 --incr --debug typical --relax --mt 2 -L xil_defaultlib -L unisims_ver -L unimacro_ver -L unisims_ver -L secureip --snapshot TestBench_behav xil_defaultlib.TestBench xil_defaultlib.glbl -log elaborate.log 
Using 2 slave threads.
WARNING: [XSIM 43-3431] One or more environment variables have been detected which affect the operation of the C compiler. These are typically not set in standard installations and are not tested by Xilinx, however they may be appropriate for your system, so the flow will attempt to continue.  If errors occur, try running xelab with the "-mt off -v 1" switches to see more information from the C compiler. The following environment variables have been detected:
Starting static elaboration
Pass Through NonSizing Optimizer
Completed static elaboration
Starting simulation data flow analysis
Completed simulation data flow analysis
Time Resolution for simulation is 1ps
Compiling module xil_defaultlib.ProgramCounter
Compiling module xil_defaultlib.Adder
Compiling module xil_defaultlib.Instr_Memory
Compiling module xil_defaultlib.MUX_2to1(size=5)
Compiling module xil_defaultlib.Reg_File
Compiling module xil_defaultlib.Decoder
Compiling module xil_defaultlib.ALU_Ctrl
Compiling module xil_defaultlib.Sign_Extend
Compiling module xil_defaultlib.MUX_2to1(size=32)
Compiling module xil_defaultlib.ALU
Compiling module xil_defaultlib.Shift_Left_Two_32
Compiling module xil_defaultlib.Simple_Single_CPU
Compiling module xil_defaultlib.TestBench
Compiling module xil_defaultlib.glbl
Built simulation snapshot TestBench_behav
