#-----------------------------------------------------------
# Vivado v2020.3 (64-bit)
# SW Build 3173277 on Wed Apr  7 05:07:49 MDT 2021
# IP Build 3174024 on Wed Apr  7 23:42:35 MDT 2021
# Start of session at: Sun May  1 23:06:34 2022
# Process ID: 51512
# Current directory: C:/Users/user/Documents/GitHub/NCTUCourses/CO2022SPRING/Lab2
# Command line: vivado.exe -gui_launcher_event rodinguilauncherevent47328 C:\Users\user\Documents\GitHub\NCTUCourses\CO2022SPRING\Lab2\Lab2.xpr
# Log file: C:/Users/user/Documents/GitHub/NCTUCourses/CO2022SPRING/Lab2/vivado.log
# Journal file: C:/Users/user/Documents/GitHub/NCTUCourses/CO2022SPRING/Lab2\vivado.jou
#-----------------------------------------------------------
start_gui
open_project C:/Users/user/Documents/GitHub/NCTUCourses/CO2022SPRING/Lab2/Lab2.xpr
WARNING: [filemgmt 56-3] Default IP Output Path : Could not find the directory 'C:/Users/user/Documents/GitHub/NCTUCourses/CO2022SPRING/Lab2/Lab2.gen/sources_1'.
Scanning sources...
Finished scanning sources
INFO: [IP_Flow 19-234] Refreshing IP repositories
INFO: [IP_Flow 19-1704] No user IP repositories specified
INFO: [IP_Flow 19-2313] Loaded Vivado IP repository 'D:/Vivado/2020.3/data/ip'.
open_project: Time (s): cpu = 00:00:21 ; elapsed = 00:00:09 . Memory (MB): peak = 1103.219 ; gain = 0.000
update_compile_order -fileset sources_1
exit
INFO: [Common 17-206] Exiting Vivado at Sun May  1 23:13:47 2022...
ching behavioral simulation in 'C:/Users/user/Documents/GitHub/NCTUCourses/CO2022SPRING/Lab2/Lab2.sim/sim_1/behav/xsim'
INFO: [SIM-utils-51] Simulation object is 'sim_1'
INFO: [SIM-utils-54] Inspecting design source files for 'TestBench' in fileset 'sim_1'...
INFO: [SIM-utils-43] Exported 'C:/Users/user/Documents/GitHub/NCTUCourses/CO2022SPRING/Lab2/Lab2.sim/sim_1/behav/xsim/CO_P2_test_data2.txt'
INFO: [SIM-utils-43] Exported 'C:/Users/user/Documents/GitHub/NCTUCourses/CO2022SPRING/Lab2/Lab2.sim/sim_1/behav/xsim/CO_P2_test_data1.txt'
INFO: [USF-XSim-97] Finding global include files...
INFO: [USF-XSim-98] Fetching design files from 'sim_1'...
INFO: [USF-XSim-2] XSim::Compile design
INFO: [USF-XSim-61] Executing 'COMPILE and ANALYZE' step in 'C:/Users/user/Documents/GitHub/NCTUCourses/CO2022SPRING/Lab2/Lab2.sim/sim_1/behav/xsim'
"xvlog --incr --relax -prj TestBench_vlog.prj"
INFO: [VRFC 10-2263] Analyzing Verilog file "C:/Users/user/Documents/GitHub/NCTUCourses/CO2022SPRING/Lab2/ALU.v" into library xil_defaultlib
INFO: [VRFC 10-311] analyzing module ALU
INFO: [VRFC 10-2263] Analyzing Verilog file "C:/Users/user/Documents/GitHub/NCTUCourses/CO2022SPRING/Lab2/ALU_Ctrl.v" into library xil_defaultlib
INFO: [VRFC 10-311] analyzing module ALU_Ctrl
INFO: [VRFC 10-2263] Analyzing Verilog file "C:/Users/user/Documents/GitHub/NCTUCourses/CO2022SPRING/Lab2/Adder.v" into library xil_defaultlib
INFO: [VRFC 10-311] analyzing module Adder
INFO: [VRFC 10-2263] Analyzing Verilog file "C:/Users/user/Documents/GitHub/NCTUCourses/CO2022SPRING/Lab2/Decoder.v" into library xil_defaultlib
INFO: [VRFC 10-311] analyzing module Decoder
INFO: [VRFC 10-2263] Analyzing Verilog file "C:/Users/user/Documents/GitHub/NCTUCourses/CO2022SPRING/Lab2/Instr_Memory.v" into library xil_defaultlib
INFO: [VRFC 10-311] analyzing module Instr_Memory
INFO: [VRFC 10-2263] Analyzing Verilog file "C:/Users/user/Documents/GitHub/NCTUCourses/CO2022SPRING/Lab2/MUX_2to1.v" into library xil_defaultlib
INFO: [VRFC 10-311] analyzing module MUX_2to1
INFO: [VRFC 10-2263] Analyzing Verilog file "C:/Users/user/Documents/GitHub/NCTUCourses/CO2022SPRING/Lab2/ProgramCounter.v" into library xil_defaultlib
INFO: [VRFC 10-311] analyzing module ProgramCounter
INFO: [VRFC 10-2263] Analyzing Verilog file "C:/Users/user/Documents/GitHub/NCTUCourses/CO2022SPRING/Lab2/Reg_File.v" into library xil_defaultlib
INFO: [VRFC 10-311] analyzing module Reg_File
INFO: [VRFC 10-2263] Analyzing Verilog file "C:/Users/user/Documents/GitHub/NCTUCourses/CO2022SPRING/Lab2/Shift_Left_Two_32.v" into library xil_defaultlib
INFO: [VRFC 10-311] analyzing module Shift_Left_Two_32
INFO: [VRFC 10-2263] Analyzing Verilog file "C:/Users/user/Documents/GitHub/NCTUCourses/CO2022SPRING/Lab2/Sign_Extend.v" into library xil_defaultlib
INFO: [VRFC 10-311] analyzing module Sign_Extend
INFO: [VRFC 10-2263] Analyzing Verilog file "C:/Users/user/Documents/GitHub/NCTUCourses/CO2022SPRING/Lab2/Simple_Single_CPU.v" into library xil_defaultlib
INFO: [VRFC 10-311] analyzing module Simple_Single_CPU
INFO: [VRFC 10-2263] Analyzing Verilog file "C:/Users/user/Documents/GitHub/NCTUCourses/CO2022SPRING/Lab2/testbench.v" into library xil_defaultlib
INFO: [VRFC 10-311] analyzing module TestBench
INFO: [USF-XSim-69] 'compile' step finished in '2' seconds
INFO: [USF-XSim-3] XSim::Elaborate design
INFO: [USF-XSim-61] Executing 'ELABORATE' step in 'C:/Users/user/Documents/GitHub/NCTUCourses/CO2022SPRING/Lab2/Lab2.sim/sim_1/behav/xsim'
"xelab -wto 624437dbf6f84c07aa5bb0f7cf4ec3a9 --incr --debug typical --relax --mt 2 -L xil_defaultlib -L unisims_ver -L unimacro_ver -L unisims_ver -L secureip --snapshot TestBench_behav xil_defaultlib.TestBench xil_defaultlib.glbl -log elaborate.log"
Vivado Simulator v2020.3.0
Copyright 1986-1999, 2001-2021 Xilinx, Inc. All Rights Reserved.
Running: D:/Vivado/2020.3/bin/unwrapped/win64.o/xelab.exe -wto 624437dbf6f84c07aa5bb0f7cf4ec3a9 --incr --debug typical --relax --mt 2 -L xil_defaultlib -L unisims_ver -L unimacro_ver -L unisims_ver -L secureip --snapshot TestBench_behav xil_defaultlib.TestBench xil_defaultlib.glbl -log elaborate.log 
Using 2 slave threads.
WARNING: [XSIM 43-3431] One or more environment variables have been detected which affect the operation of the C compiler. These are typically not set in standard installations and are not tested by Xilinx, however they may be appropriate for your system, so the flow will attempt to continue.  If errors occur, try running xelab with the "-mt off -v 1" switches to see more information from the C compiler. The following environment variables have been detected:
    C_INCLUDE_PATH
    LIBRARY_PATH
Starting static elaboration
Pass Through NonSizing Optimizer
Completed static elaboration
Starting simulation data flow analysis
Completed simulation data flow analysis
Time Resolution for simulation is 1ps
Compiling module xil_defaultlib.ProgramCounter
Compiling module xil_defaultlib.Adder
Compiling module xil_defaultlib.Instr_Memory
Compiling module xil_defaultlib.MUX_2to1(size=5)
Compiling module xil_defaultlib.Reg_File
Compiling module xil_defaultlib.Decoder
Compiling module xil_defaultlib.ALU_Ctrl
Compiling module xil_defaultlib.Sign_Extend
Compiling module xil_defaultlib.MUX_2to1(size=32)
Compiling module xil_defaultlib.ALU
Compiling module xil_defaultlib.Shift_Left_Two_32
Compiling module xil_defaultlib.Simple_Single_CPU
Compiling module xil_defaultlib.TestBench
Compiling module xil_defaultlib.glbl
Built simulation snapshot TestBench_behav
run_program: Time (s): cpu = 00:00:01 ; elapsed = 00:00:05 . Memory (MB): peak = 1103.219 ; gain = 0.000
INFO: [USF-XSim-69] 'elaborate' step finished in '5' seconds
INFO: [USF-XSim-4] XSim::Simulate design
INFO: [USF-XSim-61] Executing 'SIMULATE' step in 'C:/Users/user/Documents/GitHub/NCTUCourses/CO2022SPRING/Lab2/Lab2.sim/sim_1/behav/xsim'
INFO: [USF-XSim-98] *** Running xsim
   with args "TestBench_behav -key {Behavioral:sim_1:Functional:TestBench} -tclbatch {TestBench.tcl} -log {simulate.log}"
INFO: [USF-XSim-8] Loading simulator feature
Vivado Simulator v2020.3.0
Time resolution is 1 ps
source TestBench.tcl
# set curr_wave [current_wave_config]
# if { [string length $curr_wave] == 0 } {
#   if { [llength [get_objects]] > 0} {
#     add_wave /
#     set_property needs_save false [current_wave_config]
#   } else {
#      send_msg_id Add_Wave-1 WARNING "No top level signals found. Simulator will start without a wave window. If you want to open a wave window go to 'File->New Waveform Configuration' or type 'create_wave_config' in the TCL console."
#   }
# }
# run 1000ns
          2
r0=          0
r1=         10
r2=          4
r3=          0
r4=          0
r5=          6
r6=          0
r7=          0
r8=          0
r9=          0
r10=          0
r11=          0
r12=          0
$stop called at time : 260 ns : File "C:/Users/user/Documents/GitHub/NCTUCourses/CO2022SPRING/Lab2/testbench.v" Line 40
INFO: [USF-XSim-96] XSim completed. Design snapshot 'TestBench_behav' loaded.
INFO: [USF-XSim-97] XSim simulation ran for 1000ns
launch_simulation: Time (s): cpu = 00:00:14 ; elapsed = 00:00:14 . Memory (MB): peak = 1103.219 ; gain = 0.000
close_sim
INFO: [Simtcl 6-16] Simulation closed
launch_simulation
Command: launch_simulation 
INFO: [Vivado 12-5682] Launching behavioral simulation in 'C:/Users/user/Documents/GitHub/NCTUCourses/CO2022SPRING/Lab2/Lab2.sim/sim_1/behav/xsim'
INFO: [SIM-utils-51] Simulation object is 'sim_1'
INFO: [SIM-utils-54] Inspecting design source files for 'TestBench' in fileset 'sim_1'...
INFO: [SIM-utils-43] Exported 'C:/Users/user/Documents/GitHub/NCTUCourses/CO2022SPRING/Lab2/Lab2.sim/sim_1/behav/xsim/CO_P2_test_data2.txt'
INFO: [SIM-utils-43] Exported 'C:/Users/user/Documents/GitHub/NCTUCourses/CO2022SPRING/Lab2/Lab2.sim/sim_1/behav/xsim/CO_P2_test_data1.txt'
INFO: [USF-XSim-97] Finding global include files...
INFO: [USF-XSim-98] Fetching design files from 'sim_1'...
INFO: [USF-XSim-2] XSim::Compile design
INFO: [USF-XSim-61] Executing 'COMPILE and ANALYZE' step in 'C:/Users/user/Documents/GitHub/NCTUCourses/CO2022SPRING/Lab2/Lab2.sim/sim_1/behav/xsim'
"xvlog --incr --relax -prj TestBench_vlog.prj"
INFO: [VRFC 10-2263] Analyzing Verilog file "C:/Users/user/Documents/GitHub/NCTUCourses/CO2022SPRING/Lab2/ALU.v" into library xil_defaultlib
INFO: [VRFC 10-311] analyzing module ALU
INFO: [VRFC 10-2263] Analyzing Verilog file "C:/Users/user/Documents/GitHub/NCTUCourses/CO2022SPRING/Lab2/ALU_Ctrl.v" into library xil_defaultlib
INFO: [VRFC 10-311] analyzing module ALU_Ctrl
INFO: [VRFC 10-2263] Analyzing Verilog file "C:/Users/user/Documents/GitHub/NCTUCourses/CO2022SPRING/Lab2/Adder.v" into library xil_defaultlib
INFO: [VRFC 10-311] analyzing module Adder
INFO: [VRFC 10-2263] Analyzing Verilog file "C:/Users/user/Documents/GitHub/NCTUCourses/CO2022SPRING/Lab2/Decoder.v" into library xil_defaultlib
INFO: [VRFC 10-311] analyzing module Decoder
INFO: [VRFC 10-2263] Analyzing Verilog file "C:/Users/user/Documents/GitHub/NCTUCourses/CO2022SPRING/Lab2/Instr_Memory.v" into library xil_defaultlib
INFO: [VRFC 10-311] analyzing module Instr_Memory
INFO: [VRFC 10-2263] Analyzing Verilog file "C:/Users/user/Documents/GitHub/NCTUCourses/CO2022SPRING/Lab2/MUX_2to1.v" into library xil_defaultlib
INFO: [VRFC 10-311] analyzing module MUX_2to1
INFO: [VRFC 10-2263] Analyzing Verilog file "C:/Users/user/Documents/GitHub/NCTUCourses/CO2022SPRING/Lab2/ProgramCounter.v" into library xil_defaultlib
INFO: [VRFC 10-311] analyzing module ProgramCounter
INFO: [VRFC 10-2263] Analyzing Verilog file "C:/Users/user/Documents/GitHub/NCTUCourses/CO2022SPRING/Lab2/Reg_File.v" into library xil_defaultlib
INFO: [VRFC 10-311] analyzing module Reg_File
INFO: [VRFC 10-2263] Analyzing Verilog file "C:/Users/user/Documents/GitHub/NCTUCourses/CO2022SPRING/Lab2/Shift_Left_Two_32.v" into library xil_defaultlib
INFO: [VRFC 10-311] analyzing module Shift_Left_Two_32
INFO: [VRFC 10-2263] Analyzing Verilog file "C:/Users/user/Documents/GitHub/NCTUCourses/CO2022SPRING/Lab2/Sign_Extend.v" into library xil_defaultlib
INFO: [VRFC 10-311] analyzing module Sign_Extend
INFO: [VRFC 10-2263] Analyzing Verilog file "C:/Users/user/Documents/GitHub/NCTUCourses/CO2022SPRING/Lab2/Simple_Single_CPU.v" into library xil_defaultlib
INFO: [VRFC 10-311] analyzing module Simple_Single_CPU
INFO: [VRFC 10-2263] Analyzing Verilog file "C:/Users/user/Documents/GitHub/NCTUCourses/CO2022SPRING/Lab2/testbench.v" into library xil_defaultlib
INFO: [VRFC 10-311] analyzing module TestBench
INFO: [USF-XSim-69] 'compile' step finished in '2' seconds
INFO: [USF-XSim-3] XSim::Elaborate design
INFO: [USF-XSim-61] Executing 'ELABORATE' step in 'C:/Users/user/Documents/GitHub/NCTUCourses/CO2022SPRING/Lab2/Lab2.sim/sim_1/behav/xsim'
"xelab -wto 624437dbf6f84c07aa5bb0f7cf4ec3a9 --incr --debug typical --relax --mt 2 -L xil_defaultlib -L unisims_ver -L unimacro_ver -L unisims_ver -L secureip --snapshot TestBench_behav xil_defaultlib.TestBench xil_defaultlib.glbl -log elaborate.log"
Vivado Simulator v2020.3.0
Copyright 1986-1999, 2001-2021 Xilinx, Inc. All Rights Reserved.
Running: D:/Vivado/2020.3/bin/unwrapped/win64.o/xelab.exe -wto 624437dbf6f84c07aa5bb0f7cf4ec3a9 --incr --debug typical --relax --mt 2 -L xil_defaultlib -L unisims_ver -L unimacro_ver -L unisims_ver -L secureip --snapshot TestBench_behav xil_defaultlib.TestBench xil_defaultlib.glbl -log elaborate.log 
Using 2 slave threads.
WARNING: [XSIM 43-3431] One or more environment variables have been detected which affect the operation of the C compiler. These are typically not set in standard installations and are not tested by Xilinx, however they may be appropriate for your system, so the flow will attempt to continue.  If errors occur, try running xelab with the "-mt off -v 1" switches to see more information from the C compiler. The following environment variables have been detected:
    C_INCLUDE_PATH
    LIBRARY_PATH
Starting static elaboration
Pass Through NonSizing Optimizer
Completed static elaboration
Starting simulation data flow analysis
Completed simulation data flow analysis
Time Resolution for simulation is 1ps
Compiling module xil_defaultlib.ProgramCounter
Compiling module xil_defaultlib.Adder
Compiling module xil_defaultlib.Instr_Memory
Compiling module xil_defaultlib.MUX_2to1(size=5)
Compiling module xil_defaultlib.Reg_File
Compiling module xil_defaultlib.Decoder
Compiling module xil_defaultlib.ALU_Ctrl
Compiling module xil_defaultlib.Sign_Extend
Compiling module xil_defaultlib.MUX_2to1(size=32)
Compiling module xil_defaultlib.ALU
Compiling module xil_defaultlib.Shift_Left_Two_32
Compiling module xil_defaultlib.Simple_Single_CPU
Compiling module xil_defaultlib.TestBench
Compiling module xil_defaultlib.glbl
Built simulation snapshot TestBench_behav
INFO: [USF-XSim-69] 'elaborate' step finished in '3' seconds
INFO: [USF-XSim-4] XSim::Simulate design
INFO: [USF-XSim-61] Executing 'SIMULATE' step in 'C:/Users/user/Documents/GitHub/NCTUCourses/CO2022SPRING/Lab2/Lab2.sim/sim_1/behav/xsim'
INFO: [USF-XSim-98] *** Running xsim
   with args "TestBench_behav -key {Behavioral:sim_1:Functional:TestBench} -tclbatch {TestBench.tcl} -log {simulate.log}"
INFO: [USF-XSim-8] Loading simulator feature
Vivado Simulator v2020.3.0
Time resolution is 1 ps
source TestBench.tcl
# set curr_wave [current_wave_config]
# if { [string length $curr_wave] == 0 } {
#   if { [llength [get_objects]] > 0} {
#     add_wave /
#     set_property needs_save false [current_wave_config]
#   } else {
#      send_msg_id Add_Wave-1 WARNING "No top level signals found. Simulator will start without a wave window. If you want to open a wave window go to 'File->New Waveform Configuration' or type 'create_wave_config' in the TCL console."
#   }
# }
# run 1000ns
          2
r0=          0
r1=          1
r2=          0
r3=          0
r4=          0
r5=          0
r6=          0
r7=         14
r8=          0
r9=         15
r10=          0
r11=          0
r12=          0
$stop called at time : 260 ns : File "C:/Users/user/Documents/GitHub/NCTUCourses/CO2022SPRING/Lab2/testbench.v" Line 40
INFO: [USF-XSim-96] XSim completed. Design snapshot 'TestBench_behav' loaded.
INFO: [USF-XSim-97] XSim simulation ran for 1000ns
launch_simulation: Time (s): cpu = 00:00:09 ; elapsed = 00:00:08 . Memory (MB): peak = 1103.219 ; gain = 0.000
close_sim
INFO: [Simtcl 6-16] Simulation closed
launch_simulation
Command: launch_simulation 
INFO: [Vivado 12-5682] Launching behavioral simulation in 'C:/Users/user/Documents/GitHub/NCTUCourses/CO2022SPRING/Lab2/Lab2.sim/sim_1/behav/xsim'
INFO: [SIM-utils-51] Simulation object is 'sim_1'
INFO: [SIM-utils-54] Inspecting design source files for 'TestBench' in fileset 'sim_1'...
INFO: [SIM-utils-43] Exported 'C:/Users/user/Documents/GitHub/NCTUCourses/CO2022SPRING/Lab2/Lab2.sim/sim_1/behav/xsim/CO_P2_test_data2.txt'
INFO: [SIM-utils-43] Exported 'C:/Users/user/Documents/GitHub/NCTUCourses/CO2022SPRING/Lab2/Lab2.sim/sim_1/behav/xsim/CO_P2_test_data1.txt'
INFO: [USF-XSim-97] Finding global include files...
INFO: [USF-XSim-98] Fetching design files from 'sim_1'...
INFO: [USF-XSim-2] XSim::Compile design
INFO: [USF-XSim-61] Executing 'COMPILE and ANALYZE' step in 'C:/Users/user/Documents/GitHub/NCTUCourses/CO2022SPRING/Lab2/Lab2.sim/sim_1/behav/xsim'
"xvlog --incr --relax -prj TestBench_vlog.prj"
INFO: [VRFC 10-2263] Analyzing Verilog file "C:/Users/user/Documents/GitHub/NCTUCourses/CO2022SPRING/Lab2/ALU.v" into library xil_defaultlib
INFO: [VRFC 10-311] analyzing module ALU
INFO: [VRFC 10-2263] Analyzing Verilog file "C:/Users/user/Documents/GitHub/NCTUCourses/CO2022SPRING/Lab2/ALU_Ctrl.v" into library xil_defaultlib
INFO: [VRFC 10-311] analyzing module ALU_Ctrl
INFO: [VRFC 10-2263] Analyzing Verilog file "C:/Users/user/Documents/GitHub/NCTUCourses/CO2022SPRING/Lab2/Adder.v" into library xil_defaultlib
INFO: [VRFC 10-311] analyzing module Adder
INFO: [VRFC 10-2263] Analyzing Verilog file "C:/Users/user/Documents/GitHub/NCTUCourses/CO2022SPRING/Lab2/Decoder.v" into library xil_defaultlib
INFO: [VRFC 10-311] analyzing module Decoder
INFO: [VRFC 10-2263] Analyzing Verilog file "C:/Users/user/Documents/GitHub/NCTUCourses/CO2022SPRING/Lab2/Instr_Memory.v" into library xil_defaultlib
INFO: [VRFC 10-311] analyzing module Instr_Memory
INFO: [VRFC 10-2263] Analyzing Verilog file "C:/Users/user/Documents/GitHub/NCTUCourses/CO2022SPRING/Lab2/MUX_2to1.v" into library xil_defaultlib
INFO: [VRFC 10-311] analyzing module MUX_2to1
INFO: [VRFC 10-2263] Analyzing Verilog file "C:/Users/user/Documents/GitHub/NCTUCourses/CO2022SPRING/Lab2/ProgramCounter.v" into library xil_defaultlib
INFO: [VRFC 10-311] analyzing module ProgramCounter
INFO: [VRFC 10-2263] Analyzing Verilog file "C:/Users/user/Documents/GitHub/NCTUCourses/CO2022SPRING/Lab2/Reg_File.v" into library xil_defaultlib
INFO: [VRFC 10-311] analyzing module Reg_File
INFO: [VRFC 10-2263] Analyzing Verilog file "C:/Users/user/Documents/GitHub/NCTUCourses/CO2022SPRING/Lab2/Shift_Left_Two_32.v" into library xil_defaultlib
INFO: [VRFC 10-311] analyzing module Shift_Left_Two_32
INFO: [VRFC 10-2263] Analyzing Verilog file "C:/Users/user/Documents/GitHub/NCTUCourses/CO2022SPRING/Lab2/Sign_Extend.v" into library xil_defaultlib
INFO: [VRFC 10-311] analyzing module Sign_Extend
INFO: [VRFC 10-2263] Analyzing Verilog file "C:/Users/user/Documents/GitHub/NCTUCourses/CO2022SPRING/Lab2/Simple_Single_CPU.v" into library xil_defaultlib
INFO: [VRFC 10-311] analyzing module Simple_Single_CPU
INFO: [VRFC 10-2263] Analyzing Verilog file "C:/Users/user/Documents/GitHub/NCTUCourses/CO2022SPRING/Lab2/testbench.v" into library xil_defaultlib
INFO: [VRFC 10-311] analyzing module TestBench
INFO: [USF-XSim-69] 'compile' step finished in '2' seconds
INFO: [USF-XSim-3] XSim::Elaborate design
INFO: [USF-XSim-61] Executing 'ELABORATE' step in 'C:/Users/user/Documents/GitHub/NCTUCourses/CO2022SPRING/Lab2/Lab2.sim/sim_1/behav/xsim'
"xelab -wto 624437dbf6f84c07aa5bb0f7cf4ec3a9 --incr --debug typical --relax --mt 2 -L xil_defaultlib -L unisims_ver -L unimacro_ver -L unisims_ver -L secureip --snapshot TestBench_behav xil_defaultlib.TestBench xil_defaultlib.glbl -log elaborate.log"
Vivado Simulator v2020.3.0
Copyright 1986-1999, 2001-2021 Xilinx, Inc. All Rights Reserved.
Running: D:/Vivado/2020.3/bin/unwrapped/win64.o/xelab.exe -wto 624437dbf6f84c07aa5bb0f7cf4ec3a9 --incr --debug typical --relax --mt 2 -L xil_defaultlib -L unisims_ver -L unimacro_ver -L unisims_ver -L secureip --snapshot TestBench_behav xil_defaultlib.TestBench xil_defaultlib.glbl -log elaborate.log 
Using 2 slave threads.
WARNING: [XSIM 43-3431] One or more environment variables have been detected which affect the operation of the C compiler. These are typically not set in standard installations and are not tested by Xilinx, however they may be appropriate for your system, so the flow will attempt to continue.  If errors occur, try running xelab with the "-mt off -v 1" switches to see more information from the C compiler. The following environment variables have been detected:
    C_INCLUDE_PATH
    LIBRARY_PATH
Starting static elaboration
Pass Through NonSizing Optimizer
Completed static elaboration
Starting simulation data flow analysis
Completed simulation data flow analysis
Time Resolution for simulation is 1ps
Compiling module xil_defaultlib.ProgramCounter
Compiling module xil_defaultlib.Adder
Compiling module xil_defaultlib.Instr_Memory
Compiling module xil_defaultlib.MUX_2to1(size=5)
Compiling module xil_defaultlib.Reg_File
Compiling module xil_defaultlib.Decoder
Compiling module xil_defaultlib.ALU_Ctrl
Compiling module xil_defaultlib.Sign_Extend
Compiling module xil_defaultlib.MUX_2to1(size=32)
Compiling module xil_defaultlib.ALU
Compiling module xil_defaultlib.Shift_Left_Two_32
Compiling module xil_defaultlib.Simple_Single_CPU
Compiling module xil_defaultlib.TestBench
Compiling module xil_defaultlib.glbl
Built simulation snapshot TestBench_behav
INFO: [USF-XSim-69] 'elaborate' step finished in '5' seconds
INFO: [USF-XSim-4] XSim::Simulate design
INFO: [USF-XSim-61] Executing 'SIMULATE' step in 'C:/Users/user/Documents/GitHub/NCTUCourses/CO2022SPRING/Lab2/Lab2.sim/sim_1/behav/xsim'
INFO: [USF-XSim-98] *** Running xsim
   with args "TestBench_behav -key {Behavioral:sim_1:Functional:TestBench} -tclbatch {TestBench.tcl} -log {simulate.log}"
INFO: [USF-XSim-8] Loading simulator feature
Vivado Simulator v2020.3.0
Time resolution is 1 ps
source TestBench.tcl
# set curr_wave [current_wave_config]
# if { [string length $curr_wave] == 0 } {
#   if { [llength [get_objects]] > 0} {
#     add_wave /
#     set_property needs_save false [current_wave_config]
#   } else {
#      send_msg_id Add_Wave-1 WARNING "No top level signals found. Simulator will start without a wave window. If you want to open a wave window go to 'File->New Waveform Configuration' or type 'create_wave_config' in the TCL console."
#   }
# }
# run 1000ns
          2
r0=          0
r1=          1
r2=          0
r3=          0
r4=          0
r5=          0
r6=          0
r7=         14
r8=          0
r9=         15
r10=          0
r11=          0
r12=          0
$stop called at time : 260 ns : File "C:/Users/user/Documents/GitHub/NCTUCourses/CO2022SPRING/Lab2/testbench.v" Line 40
INFO: [USF-XSim-96] XSim completed. Design snapshot 'TestBench_behav' loaded.
INFO: [USF-XSim-97] XSim simulation ran for 1000ns
launch_simulation: Time (s): cpu = 00:00:05 ; elapsed = 00:00:10 . Memory (MB): peak = 1103.219 ; gain = 0.000
close_sim
INFO: [Simtcl 6-16] Simulation closed
exit
INFO: [Common 17-206] Exiting Vivado at Sun May  1 23:13:33 2022...
